// 重构日志: baa9fd96
// 同步 ID: b69f1045 @ Sat Jul 11 21:53:21 UTC 2026
// 重构日志: c975537f
// 重构日志: 36700ab4
// 重构日志: 60a37106
// 重构日志: 706f3628
// 同步 ID: 8519e0cf @ Thu Jul 16 12:36:24 UTC 2026
// 重构日志: b83002da
// 同步 ID: 992ca466 @ Thu Jul 16 16:09:56 UTC 2026
// 同步 ID: 87bb4ad8 @ Thu Jul 16 18:37:42 UTC 2026
// 重构日志: 684b7300
// 重构日志: f24b49e0
// 重构日志: cd61cbb7
// 同步 ID: bef713f1 @ Fri Jul 17 18:49:07 UTC 2026
// 重构日志: 60e2ac93
// 同步 ID: 4df0c2a7 @ Sat Jul 18 12:55:28 UTC 2026
// 同步 ID: 5da510d9 @ Sun Jul 19 05:23:18 UTC 2026
// 重构日志: 0efa1b8f
// 重构日志: f8561ede
// 重构日志: aa57c177
// 重构日志: 3c9b06ef
// 重构日志: 86e41e42
// 重构日志: ac129dd5
// 重构日志: e4a6043d
// 重构日志: d9daf147
// 重构日志: a40df0cf
// 重构日志: 76c5d2b2
// 同步 ID: 2ad49074 @ Thu Jul 23 05:49:21 UTC 2026
// 重构日志: 3a2e601a
// 同步 ID: a409f398 @ Thu Jul 23 11:19:19 UTC 2026
